
=== Thu Nov 28 22:23:38 2019

Packages were changed.
Update Mode: updateDependencies

The following packages were updated:
  com.unity.ide.rider from version 1.0.8 to 1.1.0
  com.unity.ide.vscode from version 1.0.7 to 1.1.2
  com.unity.test-framework from version 1.0.16 to 1.1.5
  com.unity.timeline from version 1.1.0 to 1.2.3

=== Sat Nov 30 00:41:00 2019

Packages were changed.
Update Mode: updateDependencies

The following packages were added:
  com.unity.2d.sprite@1.0.0
  com.unity.2d.tilemap@1.0.0
  com.unity.multiplayer-hlapi@1.0.4
  com.unity.xr.legacyinputhelpers@1.3.7

=== Sun Dec  1 07:37:51 2019

Packages were changed.
Update Mode: resetToDefaultDependencies

The following packages were updated:
  com.unity.test-framework from version 1.1.5 to 1.0.16
  com.unity.timeline from version 1.2.3 to 1.1.0
  com.unity.ide.vscode from version 1.1.2 to 1.0.7
  com.unity.ide.rider from version 1.1.0 to 1.0.8
The following packages were removed:
  com.unity.2d.sprite@1.0.0
  com.unity.2d.tilemap@1.0.0
  com.unity.multiplayer-hlapi@1.0.4
  com.unity.xr.legacyinputhelpers@1.3.7

=== Sun Dec  1 08:13:19 2019

Packages were changed.
Update Mode: updateDependencies

The following packages were updated:
  com.unity.ide.rider from version 1.0.8 to 1.1.0
  com.unity.ide.vscode from version 1.0.7 to 1.1.2
  com.unity.test-framework from version 1.0.16 to 1.1.5
  com.unity.timeline from version 1.1.0 to 1.2.3

=== Tue Dec  3 04:25:05 2019

Packages were changed.
Update Mode: updateDependencies

The following packages were added:
  com.unity.2d.tilemap@1.0.0
  com.unity.2d.sprite@1.0.0
  com.unity.multiplayer-hlapi@1.0.4
  com.unity.xr.legacyinputhelpers@2.0.4
